<?xml version="1.0" encoding="UTF-8"?>
<coverage generated="1773342211802" clover="3.2.0">
  <project timestamp="1773342211802" name="All files">
    <metrics statements="20" coveredstatements="19" conditionals="8" coveredconditionals="7" methods="7" coveredmethods="7" elements="35" coveredelements="33" complexity="0" loc="20" ncloc="20" packages="1" files="1" classes="1"/>
    <file name="ProjectListScreen.tsx" path="C:\Users\luis-\Desktop\App_movil\src\screens\ProjectList\ProjectListScreen.tsx">
      <metrics statements="20" coveredstatements="19" conditionals="8" coveredconditionals="7" methods="7" coveredmethods="7"/>
      <line num="12" count="1" type="stmt"/>
      <line num="13" count="6" type="stmt"/>
      <line num="14" count="6" type="stmt"/>
      <line num="16" count="6" type="stmt"/>
      <line num="17" count="6" type="stmt"/>
      <line num="18" count="1" type="stmt"/>
      <line num="26" count="6" type="cond" truecount="2" falsecount="0"/>
      <line num="27" count="1" type="stmt"/>
      <line num="35" count="5" type="cond" truecount="2" falsecount="0"/>
      <line num="36" count="1" type="stmt"/>
      <line num="44" count="4" type="cond" truecount="2" falsecount="0"/>
      <line num="46" count="4" type="cond" truecount="1" falsecount="1"/>
      <line num="47" count="0" type="stmt"/>
      <line num="56" count="4" type="stmt"/>
      <line num="57" count="1" type="stmt"/>
      <line num="63" count="4" type="stmt"/>
      <line num="68" count="12" type="stmt"/>
      <line num="70" count="8" type="stmt"/>
      <line num="72" count="1" type="stmt"/>
      <line num="81" count="1" type="stmt"/>
    </file>
  </project>
</coverage>
