{"C:\\Users\\luis-\\Desktop\\App_movil\\src\\components\\ProfileInfoItem.tsx": {"path":"C:\\Users\\luis-\\Desktop\\App_movil\\src\\components\\ProfileInfoItem.tsx","statementMap":{"0":{"start":{"line":11,"column":56},"end":{"line":23,"column":1}},"1":{"start":{"line":12,"column":2},"end":{"line":22,"column":4}},"2":{"start":{"line":25,"column":15},"end":{"line":58,"column":2}}},"fnMap":{"0":{"name":"(anonymous_0)","decl":{"start":{"line":11,"column":56},"end":{"line":11,"column":57}},"loc":{"start":{"line":11,"column":84},"end":{"line":23,"column":1}},"line":11}},"branchMap":{},"s":{"0":2,"1":11,"2":2},"f":{"0":11},"b":{},"_coverageSchema":"1a1c01bbd47fc00a2c39e90264f33305004495a9","hash":"7d9dfbf673e9d9ef0bc882e2b1b170cfdf40faf5"}
,"C:\\Users\\luis-\\Desktop\\App_movil\\src\\screens\\Profile\\ProfileScreen.tsx": {"path":"C:\\Users\\luis-\\Desktop\\App_movil\\src\\screens\\Profile\\ProfileScreen.tsx","statementMap":{"0":{"start":{"line":10,"column":22},"end":{"line":81,"column":1}},"1":{"start":{"line":11,"column":17},"end":{"line":11,"column":28}},"2":{"start":{"line":12,"column":32},"end":{"line":12,"column":66}},"3":{"start":{"line":13,"column":36},"end":{"line":13,"column":50}},"4":{"start":{"line":15,"column":2},"end":{"line":28,"column":9}},"5":{"start":{"line":16,"column":24},"end":{"line":25,"column":5}},"6":{"start":{"line":17,"column":6},"end":{"line":24,"column":7}},"7":{"start":{"line":18,"column":21},"end":{"line":18,"column":45}},"8":{"start":{"line":19,"column":8},"end":{"line":19,"column":25}},"9":{"start":{"line":21,"column":8},"end":{"line":21,"column":55}},"10":{"start":{"line":23,"column":8},"end":{"line":23,"column":28}},"11":{"start":{"line":27,"column":4},"end":{"line":27,"column":18}},"12":{"start":{"line":30,"column":28},"end":{"line":38,"column":3}},"13":{"start":{"line":31,"column":4},"end":{"line":37,"column":23}},"14":{"start":{"line":32,"column":21},"end":{"line":32,"column":46}},"15":{"start":{"line":40,"column":2},"end":{"line":42,"column":3}},"16":{"start":{"line":41,"column":4},"end":{"line":41,"column":32}},"17":{"start":{"line":44,"column":2},"end":{"line":80,"column":4}},"18":{"start":{"line":83,"column":15},"end":{"line":139,"column":2}}},"fnMap":{"0":{"name":"(anonymous_0)","decl":{"start":{"line":10,"column":22},"end":{"line":10,"column":23}},"loc":{"start":{"line":10,"column":28},"end":{"line":81,"column":1}},"line":10},"1":{"name":"(anonymous_1)","decl":{"start":{"line":15,"column":12},"end":{"line":15,"column":13}},"loc":{"start":{"line":15,"column":18},"end":{"line":28,"column":3}},"line":15},"2":{"name":"(anonymous_2)","decl":{"start":{"line":16,"column":24},"end":{"line":16,"column":25}},"loc":{"start":{"line":16,"column":36},"end":{"line":25,"column":5}},"line":16},"3":{"name":"(anonymous_3)","decl":{"start":{"line":30,"column":28},"end":{"line":30,"column":29}},"loc":{"start":{"line":31,"column":4},"end":{"line":37,"column":23}},"line":31},"4":{"name":"(anonymous_4)","decl":{"start":{"line":32,"column":15},"end":{"line":32,"column":16}},"loc":{"start":{"line":32,"column":21},"end":{"line":32,"column":46}},"line":32}},"branchMap":{"0":{"loc":{"start":{"line":40,"column":2},"end":{"line":42,"column":3}},"type":"if","locations":[{"start":{"line":40,"column":2},"end":{"line":42,"column":3}},{"start":{},"end":{}}],"line":40},"1":{"loc":{"start":{"line":64,"column":19},"end":{"line":64,"column":42}},"type":"binary-expr","locations":[{"start":{"line":64,"column":19},"end":{"line":64,"column":36}},{"start":{"line":64,"column":40},"end":{"line":64,"column":42}}],"line":64},"2":{"loc":{"start":{"line":69,"column":19},"end":{"line":69,"column":39}},"type":"binary-expr","locations":[{"start":{"line":69,"column":19},"end":{"line":69,"column":33}},{"start":{"line":69,"column":37},"end":{"line":69,"column":39}}],"line":69},"3":{"loc":{"start":{"line":74,"column":19},"end":{"line":74,"column":42}},"type":"binary-expr","locations":[{"start":{"line":74,"column":19},"end":{"line":74,"column":36}},{"start":{"line":74,"column":40},"end":{"line":74,"column":42}}],"line":74}},"s":{"0":1,"1":6,"2":6,"3":6,"4":6,"5":3,"6":3,"7":3,"8":3,"9":0,"10":3,"11":3,"12":6,"13":3,"14":1,"15":6,"16":3,"17":3,"18":1},"f":{"0":6,"1":3,"2":3,"3":3,"4":1},"b":{"0":[3,3],"1":[3,0],"2":[3,0],"3":[3,0]},"_coverageSchema":"1a1c01bbd47fc00a2c39e90264f33305004495a9","hash":"69ce3b320a68a7778e064c16f90f943ff01a71b2"}
,"C:\\Users\\luis-\\Desktop\\App_movil\\src\\services\\userService.ts": {"path":"C:\\Users\\luis-\\Desktop\\App_movil\\src\\services\\userService.ts","statementMap":{"0":{"start":{"line":7,"column":32},"end":{"line":11,"column":1}},"1":{"start":{"line":9,"column":19},"end":{"line":9,"column":59}},"2":{"start":{"line":10,"column":2},"end":{"line":10,"column":41}}},"fnMap":{"0":{"name":"(anonymous_0)","decl":{"start":{"line":7,"column":32},"end":{"line":7,"column":33}},"loc":{"start":{"line":7,"column":66},"end":{"line":11,"column":1}},"line":7}},"branchMap":{},"s":{"0":1,"1":0,"2":0},"f":{"0":0},"b":{},"_coverageSchema":"1a1c01bbd47fc00a2c39e90264f33305004495a9","hash":"4db765b5949723bb4615a8fb032520cb037f8133"}
}
