{"C:\\Users\\luis-\\Desktop\\App_movil\\src\\screens\\Profile\\ProfileScreen.tsx": {"path":"C:\\Users\\luis-\\Desktop\\App_movil\\src\\screens\\Profile\\ProfileScreen.tsx","statementMap":{"0":{"start":{"line":6,"column":22},"end":{"line":29,"column":1}},"1":{"start":{"line":7,"column":17},"end":{"line":7,"column":28}},"2":{"start":{"line":9,"column":28},"end":{"line":17,"column":3}},"3":{"start":{"line":10,"column":4},"end":{"line":16,"column":23}},"4":{"start":{"line":11,"column":21},"end":{"line":11,"column":46}},"5":{"start":{"line":19,"column":2},"end":{"line":28,"column":4}},"6":{"start":{"line":31,"column":15},"end":{"line":46,"column":2}}},"fnMap":{"0":{"name":"(anonymous_0)","decl":{"start":{"line":6,"column":22},"end":{"line":6,"column":23}},"loc":{"start":{"line":6,"column":28},"end":{"line":29,"column":1}},"line":6},"1":{"name":"(anonymous_1)","decl":{"start":{"line":9,"column":28},"end":{"line":9,"column":29}},"loc":{"start":{"line":10,"column":4},"end":{"line":16,"column":23}},"line":10},"2":{"name":"(anonymous_2)","decl":{"start":{"line":11,"column":15},"end":{"line":11,"column":16}},"loc":{"start":{"line":11,"column":21},"end":{"line":11,"column":46}},"line":11}},"branchMap":{},"s":{"0":1,"1":2,"2":2,"3":2,"4":1,"5":2,"6":1},"f":{"0":2,"1":2,"2":1},"b":{},"_coverageSchema":"1a1c01bbd47fc00a2c39e90264f33305004495a9","hash":"cbd59e91e50bfcb680cd73df4c716333d588f9df"}
}
