TN:
SF:src\components\ErrorView.tsx
FN:11,(anonymous_0)
FNF:1
FNH:1
FNDA:2,(anonymous_0)
DA:11,1
DA:12,2
DA:21,1
LF:3
LH:3
BRF:0
BRH:0
end_of_record
TN:
SF:src\hooks\useProjects.ts
FN:9,(anonymous_0)
FN:14,(anonymous_1)
FN:15,(anonymous_2)
FN:27,(anonymous_3)
FN:31,(anonymous_4)
FNF:5
FNH:5
FNDA:5,(anonymous_0)
FNDA:3,(anonymous_1)
FNDA:2,(anonymous_2)
FNDA:2,(anonymous_3)
FNDA:3,(anonymous_4)
DA:9,1
DA:10,5
DA:11,5
DA:12,5
DA:14,5
DA:15,3
DA:16,2
DA:17,2
DA:18,1
DA:19,1
DA:21,1
DA:23,2
DA:27,3
DA:28,2
DA:31,3
DA:34,5
LF:16
LH:16
BRF:0
BRH:0
end_of_record
TN:
SF:src\services\projectService.ts
FN:7,(anonymous_0)
FNF:1
FNH:1
FNDA:1,(anonymous_0)
DA:7,2
DA:8,1
DA:9,0
LF:3
LH:2
BRF:0
BRH:0
end_of_record
