TN:
SF:src\components\CustomButton.tsx
FN:13,(anonymous_0)
FNF:1
FNH:1
FNDA:8,(anonymous_0)
DA:13,4
DA:21,8
DA:41,4
LF:3
LH:3
BRDA:18,0,0,3
BRDA:19,1,0,3
BRDA:26,2,0,8
BRDA:26,2,1,7
BRDA:26,2,2,1
BRDA:29,3,0,8
BRDA:29,3,1,7
BRDA:32,4,0,1
BRDA:32,4,1,7
BRF:9
BRH:9
end_of_record
TN:
SF:src\components\CustomInput.tsx
FN:12,(anonymous_0)
FNF:1
FNH:1
FNDA:10,(anonymous_0)
DA:12,2
DA:20,10
DA:36,2
LF:3
LH:3
BRDA:22,0,0,10
BRDA:22,0,1,10
BRDA:29,1,0,10
BRDA:29,1,1,5
BRDA:31,2,0,10
BRDA:31,2,1,0
BRF:6
BRH:5
end_of_record
TN:
SF:src\components\ErrorView.tsx
FN:11,(anonymous_0)
FNF:1
FNH:1
FNDA:3,(anonymous_0)
DA:11,5
DA:12,3
DA:21,5
LF:3
LH:3
BRF:0
BRH:0
end_of_record
TN:
SF:src\components\LoadingIndicator.tsx
FN:7,(anonymous_0)
FNF:1
FNH:1
FNDA:3,(anonymous_0)
DA:7,5
DA:8,3
DA:16,5
LF:3
LH:3
BRF:0
BRH:0
end_of_record
TN:
SF:src\components\ProjectItem.tsx
FN:9,(anonymous_0)
FNF:1
FNH:1
FNDA:7,(anonymous_0)
DA:9,5
DA:10,7
DA:21,5
LF:3
LH:3
BRF:0
BRH:0
end_of_record
TN:
SF:src\context\AuthContext.tsx
FN:19,(anonymous_0)
FN:25,signIn
FN:32,(anonymous_2)
FN:33,(anonymous_3)
FN:48,signOut
FN:52,clearError
FNF:6
FNH:4
FNDA:4,(anonymous_0)
FNDA:1,signIn
FNDA:1,(anonymous_2)
FNDA:1,(anonymous_3)
FNDA:0,signOut
FNDA:0,clearError
DA:17,2
DA:19,2
DA:20,4
DA:21,4
DA:23,4
DA:26,1
DA:32,1
DA:33,1
DA:34,1
DA:35,1
DA:36,1
DA:37,1
DA:38,1
DA:40,0
DA:41,0
DA:42,0
DA:49,0
DA:53,0
DA:56,4
LF:19
LH:14
BRDA:34,0,0,1
BRDA:34,0,1,0
BRDA:34,1,0,1
BRDA:34,1,1,1
BRF:4
BRH:3
end_of_record
TN:
SF:src\hooks\useAuth.ts
FN:4,useAuth
FNF:1
FNH:1
FNDA:5,useAuth
DA:5,5
DA:7,5
DA:8,0
DA:11,5
LF:4
LH:3
BRDA:7,0,0,0
BRDA:7,0,1,5
BRF:2
BRH:1
end_of_record
TN:
SF:src\hooks\useProjects.ts
FN:9,(anonymous_0)
FN:14,(anonymous_1)
FN:27,(anonymous_2)
FN:28,(anonymous_3)
FN:32,(anonymous_4)
FN:35,(anonymous_5)
FNF:6
FNH:6
FNDA:13,(anonymous_0)
FNDA:6,(anonymous_1)
FNDA:6,(anonymous_2)
FNDA:5,(anonymous_3)
FNDA:6,(anonymous_4)
FNDA:1,(anonymous_5)
DA:9,6
DA:10,13
DA:11,13
DA:12,13
DA:14,13
DA:15,6
DA:16,6
DA:17,6
DA:18,4
DA:19,4
DA:21,2
DA:23,6
DA:27,13
DA:28,6
DA:29,5
DA:32,6
DA:35,13
DA:36,1
DA:39,13
LF:19
LH:19
BRF:0
BRH:0
end_of_record
TN:
SF:src\screens\Login\LoginScreen.tsx
FN:16,(anonymous_0)
FN:24,(anonymous_1)
FN:46,(anonymous_2)
FNF:3
FNH:2
FNDA:5,(anonymous_0)
FNDA:1,(anonymous_1)
FNDA:0,(anonymous_2)
DA:16,2
DA:17,5
DA:18,5
DA:19,5
DA:20,5
DA:22,5
DA:24,5
DA:25,1
DA:26,1
DA:27,1
DA:29,1
DA:30,1
DA:32,0
DA:33,0
DA:35,0
DA:39,0
DA:40,0
DA:42,1
DA:46,5
DA:47,0
DA:50,5
DA:114,2
LF:22
LH:16
BRDA:32,0,0,0
BRDA:32,0,1,0
BRDA:53,1,0,5
BRDA:53,1,1,0
BRDA:88,2,0,0
BRDA:88,2,1,5
BRDA:94,3,0,0
BRDA:94,3,1,5
BRF:8
BRH:3
end_of_record
TN:
SF:src\screens\Login\SuccessScreen.tsx
FN:9,(anonymous_0)
FNF:1
FNH:0
FNDA:0,(anonymous_0)
DA:9,0
DA:10,0
DA:11,0
DA:13,0
DA:14,0
DA:17,0
DA:18,0
DA:21,0
DA:47,0
LF:9
LH:0
BRDA:13,0,0,0
BRDA:13,0,1,0
BRDA:17,1,0,0
BRDA:17,1,1,0
BRF:4
BRH:0
end_of_record
TN:
SF:src\screens\ProjectList\ProjectListScreen.tsx
FN:9,(anonymous_0)
FN:35,(anonymous_1)
FN:36,(anonymous_2)
FNF:3
FNH:3
FNDA:9,(anonymous_0)
FNDA:8,(anonymous_1)
FNDA:5,(anonymous_2)
DA:9,4
DA:10,9
DA:12,9
DA:13,2
DA:16,7
DA:17,1
DA:20,6
DA:22,6
DA:23,3
DA:31,3
DA:35,8
DA:36,5
DA:43,4
LF:13
LH:13
BRDA:12,0,0,2
BRDA:12,0,1,7
BRDA:16,1,0,1
BRDA:16,1,1,6
BRDA:20,2,0,6
BRDA:20,2,1,5
BRDA:22,3,0,3
BRDA:22,3,1,3
BRF:8
BRH:8
end_of_record
TN:
SF:src\services\projectService.ts
FN:7,(anonymous_0)
FNF:1
FNH:1
FNDA:1,(anonymous_0)
DA:7,6
DA:8,1
DA:9,0
LF:3
LH:2
BRF:0
BRH:0
end_of_record
TN:
SF:src\types\project.ts
FNF:0
FNH:0
LF:0
LH:0
BRF:0
BRH:0
end_of_record
